<?xml version="1.0" encoding="UTF-8"?>
<!-- Generated by org.testng.reporters.JUnitReportReporter -->
<testsuite hostname="DESKTOP-VUGM2GH" failures="0" tests="2" name="com.crm.qa.testcases.ContactsPageTest" time="40.491" errors="0" timestamp="30 Oct 2018 16:44:29 GMT" skipped="0">
  <testcase classname="com.crm.qa.testcases.ContactsPageTest" name="selctContactTest" time="21.180"/>
  <testcase classname="com.crm.qa.testcases.ContactsPageTest" name="verifyContactsPageTest" time="19.311"/>
</testsuite> <!-- com.crm.qa.testcases.ContactsPageTest -->
