<?xml version="1.0" encoding="UTF-8"?>
<!-- Generated by org.testng.reporters.JUnitReportReporter -->
<testsuite hostname="DESKTOP-VUGM2GH" failures="0" tests="3" name="com.crm.qa.testcases.LoginPageTest" time="77.525" errors="0" timestamp="30 Oct 2018 17:23:11 GMT" skipped="0">
  <testcase classname="com.crm.qa.testcases.LoginPageTest" name="loginPageTest" time="9.228"/>
  <testcase classname="com.crm.qa.testcases.LoginPageTest" name="crmLogoTest" time="30.829"/>
  <testcase classname="com.crm.qa.testcases.LoginPageTest" name="loginTest" time="37.468"/>
</testsuite> <!-- com.crm.qa.testcases.LoginPageTest -->
