<?xml version="1.0" encoding="UTF-8"?>
<!-- Generated by org.testng.reporters.JUnitReportReporter -->
<testsuite hostname="DESKTOP-VUGM2GH" failures="0" tests="1" name="com.crm.qa.testcases.ContactsPageTest" time="39.617" errors="0" timestamp="03 Nov 2018 17:19:41 GMT" skipped="0">
  <testcase classname="com.crm.qa.testcases.ContactsPageTest" name="verifyContactsPageTest" time="39.617"/>
</testsuite> <!-- com.crm.qa.testcases.ContactsPageTest -->
