<?xml version="1.0" encoding="UTF-8"?>
<!-- Generated by org.testng.reporters.JUnitReportReporter -->
<testsuite hostname="DESKTOP-VUGM2GH" failures="0" tests="3" name="com.crm.qa.testdata.LoginPageTest" time="39.249" errors="0" timestamp="28 Oct 2018 07:40:38 GMT" skipped="0">
  <testcase classname="com.crm.qa.testdata.LoginPageTest" name="loginPageTest" time="9.215"/>
  <testcase classname="com.crm.qa.testdata.LoginPageTest" name="crmLogoTest" time="11.198"/>
  <testcase classname="com.crm.qa.testdata.LoginPageTest" name="loginTest" time="18.836"/>
</testsuite> <!-- com.crm.qa.testdata.LoginPageTest -->
