<?xml version="1.0" encoding="UTF-8"?>
<!-- Generated by org.testng.reporters.JUnitReportReporter -->
<testsuite hostname="DESKTOP-VUGM2GH" failures="0" tests="3" name="com.crm.qa.testcases.HomePageTest" time="53.775" errors="0" timestamp="04 Nov 2018 10:16:05 GMT" skipped="0">
  <testcase classname="com.crm.qa.testcases.HomePageTest" name="verifyHomePageTitleTest" time="16.543"/>
  <testcase classname="com.crm.qa.testcases.HomePageTest" name="verifyUserNameTest" time="16.464"/>
  <testcase classname="com.crm.qa.testcases.HomePageTest" name="verifyContactsLink" time="20.768"/>
</testsuite> <!-- com.crm.qa.testcases.HomePageTest -->
