<?xml version="1.0" encoding="UTF-8"?>
<!-- Generated by org.testng.reporters.JUnitReportReporter -->
<testsuite hostname="DESKTOP-VUGM2GH" failures="0" tests="3" name="com.crm.qa.testcases.HomePageTest" time="106.544" errors="0" timestamp="30 Oct 2018 17:23:11 GMT" skipped="0">
  <testcase classname="com.crm.qa.testcases.HomePageTest" name="verifyHomePageTitleTest" time="27.772"/>
  <testcase classname="com.crm.qa.testcases.HomePageTest" name="verifyUserNameTest" time="36.868"/>
  <testcase classname="com.crm.qa.testcases.HomePageTest" name="verifyContactsLink" time="41.904"/>
</testsuite> <!-- com.crm.qa.testcases.HomePageTest -->
