<?xml version="1.0" encoding="UTF-8"?>
<!-- Generated by org.testng.reporters.JUnitReportReporter -->
<testsuite hostname="DESKTOP-VUGM2GH" failures="0" tests="3" name="com.crm.qa.testcases.LoginPageTest" time="45.689" errors="0" timestamp="28 Oct 2018 07:50:39 GMT" skipped="0">
  <testcase classname="com.crm.qa.testcases.LoginPageTest" name="loginPageTest" time="11.797"/>
  <testcase classname="com.crm.qa.testcases.LoginPageTest" name="loginTest" time="20.288"/>
  <testcase classname="com.crm.qa.testcases.LoginPageTest" name="crmLogoTest" time="13.604"/>
</testsuite> <!-- com.crm.qa.testcases.LoginPageTest -->
