<?xml version="1.0" encoding="UTF-8"?>
<!-- Generated by org.testng.reporters.JUnitReportReporter -->
<testsuite hostname="DESKTOP-VUGM2GH" failures="0" tests="7" name="com.crm.qa.testcases.ContactsPageTest" time="167.230" errors="0" timestamp="04 Nov 2018 10:16:05 GMT" skipped="0">
  <testcase classname="com.crm.qa.testcases.ContactsPageTest" name="selctContactTest" time="17.225"/>
  <testcase classname="com.crm.qa.testcases.ContactsPageTest" name="verifyContactsPageTest" time="23.638"/>
  <testcase classname="com.crm.qa.testcases.ContactsPageTest" name="createNewContactTest" time="23.383"/>
  <testcase classname="com.crm.qa.testcases.ContactsPageTest" name="createNewContactTest" time="21.533"/>
  <testcase classname="com.crm.qa.testcases.ContactsPageTest" name="createNewContactTest" time="25.061"/>
  <testcase classname="com.crm.qa.testcases.ContactsPageTest" name="createNewContactTest" time="32.721"/>
  <testcase classname="com.crm.qa.testcases.ContactsPageTest" name="createNewContactTest" time="23.669"/>
</testsuite> <!-- com.crm.qa.testcases.ContactsPageTest -->
