<?xml version="1.0" encoding="UTF-8"?>
<!-- Generated by org.testng.reporters.JUnitReportReporter -->
<testsuite hostname="DESKTOP-VUGM2GH" failures="0" tests="3" name="com.crm.qa.testcases.LoginPageTest" time="88.871" errors="0" timestamp="04 Nov 2018 10:16:05 GMT" skipped="0">
  <testcase classname="com.crm.qa.testcases.LoginPageTest" name="loginTest" time="22.458"/>
  <testcase classname="com.crm.qa.testcases.LoginPageTest" name="crmLogoTest" time="13.494"/>
  <testcase classname="com.crm.qa.testcases.LoginPageTest" name="loginPageTest" time="52.919"/>
</testsuite> <!-- com.crm.qa.testcases.LoginPageTest -->
