<?xml version="1.0" encoding="UTF-8"?>
<!-- Generated by org.testng.reporters.JUnitReportReporter -->
<testsuite hostname="DESKTOP-VUGM2GH" failures="0" tests="3" name="com.crm.qa.testcases.HomePageTest" time="55.189" errors="0" timestamp="30 Oct 2018 03:53:03 GMT" skipped="0">
  <testcase classname="com.crm.qa.testcases.HomePageTest" name="verifyHomePageTitleTest" time="16.710"/>
  <testcase classname="com.crm.qa.testcases.HomePageTest" name="verifyUserNameTest" time="18.050"/>
  <testcase classname="com.crm.qa.testcases.HomePageTest" name="verifyContactsLink" time="20.429"/>
</testsuite> <!-- com.crm.qa.testcases.HomePageTest -->
